<?xml version="1.0" encoding="UTF-8"?>
<testng-results skipped="0" failed="0" ignored="0" total="3" passed="3">
  <reporter-output>
  </reporter-output>
  <suite name="Suite" duration-ms="30835" started-at="2019-05-28T16:34:38Z" finished-at="2019-05-28T16:35:09Z">
    <groups>
    </groups>
    <test name="Test" duration-ms="30835" started-at="2019-05-28T16:34:38Z" finished-at="2019-05-28T16:35:09Z">
      <class name="Examples.Depency">
        <test-method status="PASS" signature="gettittle()[pri:0, instance:Examples.Depency@53f65459]" name="gettittle" duration-ms="754" started-at="2019-05-28T16:34:51Z" finished-at="2019-05-28T16:34:51Z">
          <reporter-output>
          </reporter-output>
        </test-method> <!-- gettittle -->
        <test-method status="PASS" signature="login()[pri:0, instance:Examples.Depency@53f65459]" name="login" duration-ms="16209" started-at="2019-05-28T16:34:51Z" finished-at="2019-05-28T16:35:08Z">
          <reporter-output>
          </reporter-output>
        </test-method> <!-- login -->
      </class> <!-- Examples.Depency -->
      <class name="Examples.Annotation_Examples">
        <test-method status="PASS" signature="setUp()[pri:0, instance:Examples.Annotation_Examples@4d95d2a2]" name="setUp" is-config="true" duration-ms="55" started-at="2019-05-28T16:34:38Z" finished-at="2019-05-28T16:34:38Z">
          <reporter-output>
          </reporter-output>
        </test-method> <!-- setUp -->
        <test-method status="PASS" signature="launchbrowser()[pri:0, instance:Examples.Annotation_Examples@4d95d2a2]" name="launchbrowser" is-config="true" duration-ms="0" started-at="2019-05-28T16:34:38Z" finished-at="2019-05-28T16:34:38Z">
          <reporter-output>
          </reporter-output>
        </test-method> <!-- launchbrowser -->
        <test-method status="PASS" signature="setUp()[pri:0, instance:Examples.Depency@53f65459]" name="setUp" is-config="true" duration-ms="12805" started-at="2019-05-28T16:34:38Z" finished-at="2019-05-28T16:34:50Z">
          <reporter-output>
          </reporter-output>
        </test-method> <!-- setUp -->
        <test-method status="PASS" signature="login()[pri:0, instance:Examples.Annotation_Examples@4d95d2a2]" name="login" is-config="true" duration-ms="0" started-at="2019-05-28T16:34:51Z" finished-at="2019-05-28T16:34:51Z">
          <reporter-output>
          </reporter-output>
        </test-method> <!-- login -->
        <test-method status="PASS" signature="enterurl()[pri:0, instance:Examples.Annotation_Examples@4d95d2a2]" name="enterurl" is-config="true" duration-ms="4" started-at="2019-05-28T16:34:51Z" finished-at="2019-05-28T16:34:51Z">
          <reporter-output>
          </reporter-output>
        </test-method> <!-- enterurl -->
        <test-method status="PASS" signature="verfy()[pri:0, instance:Examples.Annotation_Examples@4d95d2a2]" name="verfy" duration-ms="12" started-at="2019-05-28T16:34:51Z" finished-at="2019-05-28T16:34:51Z">
          <reporter-output>
          </reporter-output>
        </test-method> <!-- verfy -->
        <test-method status="PASS" signature="logout()[pri:0, instance:Examples.Annotation_Examples@4d95d2a2]" name="logout" is-config="true" duration-ms="0" started-at="2019-05-28T16:34:51Z" finished-at="2019-05-28T16:34:51Z">
          <reporter-output>
          </reporter-output>
        </test-method> <!-- logout -->
        <test-method status="PASS" signature="deteleallcookies()[pri:0, instance:Examples.Annotation_Examples@4d95d2a2]" name="deteleallcookies" is-config="true" duration-ms="4" started-at="2019-05-28T16:35:08Z" finished-at="2019-05-28T16:35:08Z">
          <reporter-output>
          </reporter-output>
        </test-method> <!-- deteleallcookies -->
        <test-method status="PASS" signature="teardown()[pri:0, instance:Examples.Depency@53f65459]" name="teardown" is-config="true" duration-ms="954" started-at="2019-05-28T16:35:08Z" finished-at="2019-05-28T16:35:09Z">
          <reporter-output>
          </reporter-output>
        </test-method> <!-- teardown -->
        <test-method status="PASS" signature="tearDown()[pri:0, instance:Examples.Annotation_Examples@4d95d2a2]" name="tearDown" is-config="true" duration-ms="0" started-at="2019-05-28T16:35:09Z" finished-at="2019-05-28T16:35:09Z">
          <reporter-output>
          </reporter-output>
        </test-method> <!-- tearDown -->
      </class> <!-- Examples.Annotation_Examples -->
    </test> <!-- Test -->
  </suite> <!-- Suite -->
</testng-results>
